<?xml version="1.0" encoding="UTF-8"?>
<testsuite xmlns:xsi="http://www.w3.org/2001/XMLSchema-instance" xsi:noNamespaceSchemaLocation="https://maven.apache.org/surefire/maven-surefire-plugin/xsd/surefire-test-report-3.0.xsd" version="3.0" name="test.java.iet.AnointTests" time="0.071" tests="5" errors="0" skipped="0" failures="0">
  <properties>
[...]
</properties>
  <testcase name="TakeAnointTest" classname="test.java.iet.AnointTests" time="0.041"/>
  <testcase name="ReturnAnointTest" classname="test.java.iet.AnointTests" time="0.003"/>
  <testcase name="BlockAnointTest" classname="test.java.iet.AnointTests" time="0"/>
  <testcase name="AnointExpiresTest" classname="test.java.iet.AnointTests" time="0.001"/>
  <testcase name="MightBlockAnointTest" classname="test.java.iet.AnointTests" time="0.001"/>
</testsuite>